2025-08-27 08:22:00 | DEBUG | repo=auction | action=commit
2025-10-06 13:47:00 | INFO | repo=auction | action=commit
2025-01-05 07:02:00 | INFO | repo=auction | action=test | passed=true
2025-06-09 15:46:00 | WARN | repo=auction | action=commit
2025-05-01 07:43:00 | WARN | repo=auction | action=commit
2025-10-26 17:21:00 | INFO | repo=auction | action=commit
2025-10-23 21:53:00 | WARN | repo=auction | action=edit | files=4
2025-12-05 21:13:00 | INFO | repo=auction | action=commit
2025-11-25 19:25:00 | DEBUG | repo=auction | action=commit
2025-02-17 20:26:00 | WARN | repo=auction | action=commit
2025-06-15 21:21:00 | DEBUG | repo=auction | action=commit
2025-10-08 15:46:00 | DEBUG | repo=auction | action=commit
2025-07-17 15:04:00 | INFO | repo=auction | action=commit
2025-08-27 13:38:00 | DEBUG | repo=auction | action=commit
2025-04-24 09:09:00 | WARN | repo=auction | action=test | passed=true
2025-07-07 17:00:00 | INFO | repo=auction | action=commit
2025-05-05 19:58:00 | INFO | repo=auction | action=commit
2025-09-08 07:03:00 | DEBUG | repo=auction | action=commit
2025-01-18 13:25:00 | DEBUG | repo=auction | action=commit
2025-12-18 18:58:00 | WARN | repo=auction | action=pull
2025-10-24 10:58:00 | INFO | repo=auction | action=commit
2025-02-16 17:45:00 | DEBUG | repo=auction | action=commit
2025-10-02 07:19:00 | DEBUG | repo=auction | action=commit
2025-12-04 10:39:00 | INFO | repo=auction | action=pull
2025-01-12 18:47:00 | DEBUG | repo=auction | action=edit | files=1
2025-09-09 07:29:00 | WARN | repo=auction | action=commit
2025-07-02 18:52:00 | WARN | repo=auction | action=edit | files=1
2025-01-13 10:41:00 | WARN | repo=auction | action=commit
2025-03-12 08:18:00 | WARN | repo=auction | action=commit
